1638304250531	geckodriver	INFO	Listening on 127.0.0.1:50102
1638304253590	mozrunner::runner	INFO	Running command: "C:\\Program Files\\Mozilla Firefox\\firefox.exe" "--marionette" "--headless" "--no-sandbox" "--disable-dev-shm-usage" "--ignore-certificate-errors" "--disable-gpu" "--log-level=3" "--disable-notifications" "--disable-popup-blocking" "-no-remote" "-profile" "C:\\Users\\User1\\AppData\\Local\\Temp\\rust_mozprofileg3Kda0"
*** You are running in headless mode.
1638304254228	Marionette	INFO	Marionette enabled
[GFX1-]: RenderCompositorSWGL failed mapping default framebuffer, no dt
console.warn: SearchSettings: "get: No settings file exists, new profile?" (new NotFoundError("Could not open the file at C:\\Users\\User1\\AppData\\Local\\Temp\\rust_mozprofileg3Kda0\\search.json.mozlz4", (void 0)))
1638304256323	Marionette	INFO	Listening on port 50122
1638304256779	RemoteAgent	WARN	TLS certificate errors will be ignored for this session
1638304256784	RemoteAgent	INFO	Proxy settings initialised: {"proxyType":"manual","httpProxy":"127.0.0.1:50101","noProxy":[],"sslProxy":"127.0.0.1:50101"}
console.log: WebExtensions: reset-default-search: starting.
console.log: WebExtensions: reset-default-search: No addons in our list are installed.
JavaScript error: https://abs.twimg.com/responsive-web/client-web/main.f3ada2b5.js, line 1: Error: ApiError: https://api.twitter.com/1.1/help/settings.json HTTP-0 codes:[1004] trace_ids:[null]
og-level=3" "--disable-notifications" "--disable-popup-blocking" "-no-remote" "-profile" "C:\\Users\\User1\\AppData\\Local\\Temp\\rust_mozprofileZ2P9BT"
*** You are running in headless mode.
1638304382872	Marionette	INFO	Marionette enabled
[GFX1-]: RenderCompositorSWGL failed mapping default framebuffer, no dt
console.warn: SearchSettings: "get: No settings file exists, new profile?" (new NotFoundError("Could not open the file at C:\\Users\\User1\\AppData\\Local\\Temp\\rust_mozprofileZ2P9BT\\search.json.mozlz4", (void 0)))
1638304384877	Marionette	INFO	Listening on port 53998
1638304385038	RemoteAgent	WARN	TLS certificate errors will be ignored for this session
1638304385043	RemoteAgent	INFO	Proxy settings initialised: {"proxyType":"manual","httpProxy":"127.0.0.1:53965","noProxy":[],"sslProxy":"127.0.0.1:53965"}
JavaScript error: https://abs.twimg.com/responsive-web/client-web/main.f3ada2b5.js, line 1: Error: ApiError: https://api.twitter.com/1.1/jot/client_event.json HTTP-0 codes:[1004] trace_ids:[null]
JavaScript error: https://twitter.com/broitscody, line 131: ChunkLoadError: Loading chunk 273 failed.
(error: https://abs.twimg.com/responsive-web/client-web/ondemand.emoji.en.f0cec7f5.js)
console.log: WebExtensions: reset-default-search: starting.
console.log: WebExtensions: reset-default-search: No addons in our list are installed.
er	INFO	Running command: "C:\\Program Files\\Mozilla Firefox\\firefox.exe" "--marionette" "--headless" "--no-sandbox" "--disable-dev-shm-usage" "--ignore-certificate-errors" "--disable-gpu" "--log-level=3" "--disable-notifications" "--disable-popup-blocking" "-no-remote" "-profile" "C:\\Users\\User1\\AppData\\Local\\Temp\\rust_mozprofileLg4GAs"
*** You are running in headless mode.
1638304602455	Marionette	INFO	Marionette enabled
[GFX1-]: RenderCompositorSWGL failed mapping default framebuffer, no dt
console.warn: SearchSettings: "get: No settings file exists, new profile?" (new NotFoundError("Could not open the file at C:\\Users\\User1\\AppData\\Local\\Temp\\rust_mozprofileLg4GAs\\search.json.mozlz4", (void 0)))
1638304604385	Marionette	INFO	Listening on port 53681
1638304604682	RemoteAgent	WARN	TLS certificate errors will be ignored for this session
1638304604687	RemoteAgent	INFO	Proxy settings initialised: {"proxyType":"manual","httpProxy":"127.0.0.1:53653","noProxy":[],"sslProxy":"127.0.0.1:53653"}
1638304634152	Marionette	INFO	Stopped listening on port 53681

###!!! [Child][RunMessage] Error: Channel closing: too late to send/recv, messages will be lost


###!!! [Child][RunMessage] Error: Channel closing: too late to send/recv, messages will be lost


###!!! [Parent][MessageChannel] Error: (msgtype=0x39007A,name=PContent::Msg_DestroyBrowsingContextGroup) Closed channel: cannot send/recv

1638304669912	geckodriver	INFO	Listening on 127.0.0.1:56993
1638304672938	mozrunner::runner	INFO	Running command: "C:\\Program Files\\Mozilla Firefox\\firefox.exe" "--marionette" "--headless" "--no-sandbox" "--disable-dev-shm-usage" "--ignore-certificate-errors" "--disable-gpu" "--log-level=3" "--disable-notifications" "--disable-popup-blocking" "-no-remote" "-profile" "C:\\Users\\User1\\AppData\\Local\\Temp\\rust_mozprofileFgkSM0"
*** You are running in headless mode.
1638304673459	Marionette	INFO	Marionette enabled
[GFX1-]: RenderCompositorSWGL failed mapping default framebuffer, no dt
console.warn: SearchSettings: "get: No settings file exists, new profile?" (new NotFoundError("Could not open the file at C:\\Users\\User1\\AppData\\Local\\Temp\\rust_mozprofileFgkSM0\\search.json.mozlz4", (void 0)))
1638304675391	Marionette	INFO	Listening on port 57023
1638304675629	RemoteAgent	WARN	TLS certificate errors will be ignored for this session
1638304675634	RemoteAgent	INFO	Proxy settings initialised: {"proxyType":"manual","httpProxy":"127.0.0.1:56992","noProxy":[],"sslProxy":"127.0.0.1:56992"}
console.log: WebExtensions: reset-default-search: starting.
console.log: WebExtensions: reset-default-search: No addons in our list are installed.
\\firefox.exe" "--marionette" "--headless" "--no-sandbox" "--disable-dev-shm-usage" "--ignore-certificate-errors" "--disable-gpu" "--log-level=3" "--disable-notifications" "--disable-popup-blocking" "-no-remote" "-profile" "C:\\Users\\User1\\AppData\\Local\\Temp\\rust_mozprofiledKwKfa"
*** You are running in headless mode.
1638304695926	Marionette	INFO	Marionette enabled
[GFX1-]: RenderCompositorSWGL failed mapping default framebuffer, no dt
console.warn: SearchSettings: "get: No settings file exists, new profile?" (new NotFoundError("Could not open the file at C:\\Users\\User1\\AppData\\Local\\Temp\\rust_mozprofiledKwKfa\\search.json.mozlz4", (void 0)))
1638304698330	Marionette	INFO	Listening on port 53804
1638304698668	RemoteAgent	WARN	TLS certificate errors will be ignored for this session
1638304698673	RemoteAgent	INFO	Proxy settings initialised: {"proxyType":"manual","httpProxy":"127.0.0.1:53762","noProxy":[],"sslProxy":"127.0.0.1:53762"}
JavaScript error: https://twitter.com/broitscody, line 131: ChunkLoadError: Loading chunk 273 failed.
(error: https://abs.twimg.com/responsive-web/client-web/ondemand.emoji.en.f0cec7f5.js)
JavaScript error: https://abs.twimg.com/responsive-web/client-web/main.f3ada2b5.js, line 1: Error: ApiError: https://twitter.com/i/api/1.1/onboarding/sso_init.json HTTP-0 codes:[1004] trace_ids:[null]
console.log: WebExtensions: reset-default-search: starting.
console.log: WebExtensions: reset-default-search: No addons in our list are installed.
mpositorSWGL failed mapping default framebuffer, no dt
console.warn: SearchSettings: "get: No settings file exists, new profile?" (new NotFoundError("Could not open the file at C:\\Users\\User1\\AppData\\Local\\Temp\\rust_mozprofile0dnWbV\\search.json.mozlz4", (void 0)))
1638304715097	Marionette	INFO	Listening on port 54108
1638304715167	RemoteAgent	WARN	TLS certificate errors will be ignored for this session
1638304715176	RemoteAgent	INFO	Proxy settings initialised: {"proxyType":"manual","httpProxy":"127.0.0.1:54050","noProxy":[],"sslProxy":"127.0.0.1:54050"}
console.log: WebExtensions: reset-default-search: starting.
console.log: WebExtensions: reset-default-search: No addons in our list are installed.
\\firefox.exe" "--marionette" "--headless" "--no-sandbox" "--disable-dev-shm-usage" "--ignore-certificate-errors" "--disable-gpu" "--log-level=3" "--disable-notifications" "--disable-popup-blocking" "-no-remote" "-profile" "C:\\Users\\User1\\AppData\\Local\\Temp\\rust_mozprofileVyCfXG"
*** You are running in headless mode.
1638304753048	Marionette	INFO	Marionette enabled
[GFX1-]: RenderCompositorSWGL failed mapping default framebuffer, no dt
console.warn: SearchSettings: "get: No settings file exists, new profile?" (new NotFoundError("Could not open the file at C:\\Users\\User1\\AppData\\Local\\Temp\\rust_mozprofileVyCfXG\\search.json.mozlz4", (void 0)))
1638304755691	Marionette	INFO	Listening on port 54660
1638304756045	RemoteAgent	WARN	TLS certificate errors will be ignored for this session
1638304756051	RemoteAgent	INFO	Proxy settings initialised: {"proxyType":"manual","httpProxy":"127.0.0.1:54617","noProxy":[],"sslProxy":"127.0.0.1:54617"}
JavaScript error: https://twitter.com/broitscody, line 131: ChunkLoadError: Loading chunk 160 failed.
(error: https://abs.twimg.com/responsive-web/client-web/loader.AppModules.01e13705.js)
JavaScript error: https://twitter.com/broitscody, line 131: ChunkLoadError: Loading chunk 160 failed.
(error: https://abs.twimg.com/responsive-web/client-web/loader.AppModules.01e13705.js)
JavaScript error: https://twitter.com/broitscody, line 131: ChunkLoadError: Loading chunk 160 failed.
(error: https://abs.twimg.com/responsive-web/client-web/loader.AppModules.01e13705.js)
JavaScript error: https://twitter.com/broitscody, line 131: ChunkLoadError: Loading chunk 160 failed.
(error: https://abs.twimg.com/responsive-web/client-web/loader.AppModules.01e13705.js)
JavaScript error: https://twitter.com/broitscody, line 131: ChunkLoadError: Loading chunk 160 failed.
(error: https://abs.twimg.com/responsive-web/client-web/loader.AppModules.01e13705.js)
JavaScript error: https://abs.twimg.com/responsive-web/clien1638304767314	mozrunner::runner	INFO	Running command: "C:\\Program Files\\Mozilla Firefox\\firefox.exe" "--marionette" "--headless" "--no-sandbox" "--disable-dev-shm-usage" "--ignore-certificate-errors" "--disable-gpu" "--log-level=3" "--disable-notifications" "--disable-popup-blocking" "-no-remote" "-profile" "C:\\Users\\User1\\AppData\\Local\\Temp\\rust_mozprofilegL2LsZ"
*** You are running in headless mode.
1638304767881	Marionette	INFO	Marionette enabled
[GFX1-]: RenderCompositorSWGL failed mapping default framebufJavaScript error: https://twitter.com/broitscody, line 131: ChunkLoadError: Loading chunk 273 failed.
(error: https://abs.twimg.com/responsive-web/client-web/ondemand.emoji.en.f0cec7f5.js)
console.log: WebExtensions: reset-default-search: starting.
console.log: WebExtensions: resetconsole.log: WebExtensions: reset-default-search: starting.
console.log: WebExtensions: reset-default-search: No addons in our list are installed.
er	INFO	Running command: "C:\\Program Files\\Mozilla Firefox\\firefox.exe" "--marionette" "--headless" "--no-sandbox" "--disable-dev-shm-usage" "--ignore-certificate-errors" "--disable-gpu" "--log-level=3" "--disable-notifications" "--disable-popup-blocking" "-no-remote" "-profile" "C:\\Users\\User1\\AppData\\Local\\Temp\\rust_mozprofile5TRpWs"
*** You are running in headless mode.
1638304784873	Marionette	INFO	Marionette enabled
[GFX1-]: RenderCompositorSWGL failed mapping default framebuffer, no dt
console.warn: SearchSettings: "get: No settings file exists, new profile?" (new NotFoundError("Could not open the file at C:\\Users\\User1\\AppData\\Local\\Temp\\rust_mozprofile5TRpWs\\search.json.mozlz4", (void 0)))
1638304788430	Marionette	INFO	Listening on port 52491
console.log: WebExtensions: reset-default-search: starting.
console.log: WebExtensions: reset-default-search: No addons in our list are installed.
\\firefox.exe" "--marionette" "--headless" "--no-sandbox" "--disable-dev-shm-usage" "--ignore-certificate-errors" "--disable-gpu" "--log-level=3" "--disable-notifications" "--disable-popup-blocking" "-no-remote" "-profile" "C:\\Users\\User1\\AppData\\Local\\Temp\\rust_mozprofilehMGO4m"
*** You are running in headless mode.
1638304796588	Marionette	INFO	Marionette enabled
[GFX1-]: RenderCompositorSWGL failed mapping default framebuffer, no dt
console.warn: SearchSettings: "get: No settings file exists, new profile?" (new NotFoundError("Could not open the file at C:\\Users\\User1\\AppData\\Local\\Temp\\rust_mozprofilehMGO4m\\search.json.mozlz4", (void 0)))
1638304799739	Marionette	INFO	Listening on port 51248
console.log: WebExtensions: reset-default-search: starting.
console.log: WebExtensions: reset-default-search: No addons in our list are installed.
\\firefox.exe" "--marionette" "--headless" "--no-sandbox" "--disable-dev-shm-usage" "--ignore-certificate-errors" "--disable-gpu" "--log-level=3" "--disable-notifications" "--disable-popup-blocking" "-no-remote" "-profile" "C:\\Users\\User1\\AppData\\Local\\Temp\\rust_mozprofile8w4a85"
*** You are running in headless mode.
1638304808742	Marionette	INFO	Marionette enabled
[GFX1-]: RenderCompositorSWGL failed mapping default framebuffer, no dt
console.warn: SearchSettings: "get: No settings file exists, new profile?" (new NotFoundError("Could not open the file at C:\\Users\\User1\\AppData\\Local\\Temp\\rust_mozprofile8w4a85\\search.json.mozlz4", (void 0)))
1638304812856	Marionette	INFO	Listening on port 59820
1638304813073	RemoteAgent	WARN	TLS certificate errors will be ignored for this session
1638304813079	RemoteAgent	INFO	Proxy settings initialised: {"proxyType":"manual","httpProxy":"127.0.0.1:59784","noProxy":[],"sslProxy":"127.0.0.1:59784"}
1638304840128	Marionette	INFO	Stopped listening on port 59820

###!!! [Parent][RunMessage] Error: Channel closing: too late to send/recv, messages will be lost

1638304930800	geckodriver	INFO	Listening on 127.0.0.1:62930
1638304933862	mozrunner::runner	INFO	Running command: "C:\\Program Files\\Mozilla Firefox\\firefox.exe" "--marionette" "--headless" "--no-sandbox" "--disable-dev-shm-usage" "--ignore-certificate-errors" "--disable-gpu" "--log-level=3" "--disable-notifications" "--disable-popup-blocking" "-no-remote" "-profile" "C:\\Users\\User1\\AppData\\Local\\Temp\\rust_mozprofiledIRzDV"
*** You are running in headless mode.
1638304934368	Marionette	INFO	Marionette enabled
[GFX1-]: RenderCompositorSWGL failed mapping default framebuffer, no dt
console.warn: SearchSettings: "get: No settings file exists, new profile?" (new NotFoundError("Could not open the file at C:\\Users\\User1\\AppData\\Local\\Temp\\rust_mozprofiledIRzDV\\search.json.mozlz4", (void 0)))
1638304936338	Marionette	INFO	Listening on port 62969
1638304936546	RemoteAgent	WARN	TLS certificate errors will be ignored for this session
1638304936551	RemoteAgent	INFO	Proxy settings initialised: {"proxyType":"manual","httpProxy":"127.0.0.1:62929","noProxy":[],"sslProxy":"127.0.0.1:62929"}
1638304968844	Marionette	INFO	Stopped listening on port 62969

###!!! [Parent][MessageChannel] Error: (msgtype=0x39007A,name=PContent::Msg_DestroyBrowsingContextGroup) Closed channel: cannot send/recv


###!!! [Parent][RunMessage] Error: Channel closing: too late to send/recv, messages will be lost

1638305026151	geckodriver	INFO	Listening on 127.0.0.1:64152
1638305029210	mozrunner::runner	INFO	Running command: "C:\\Program Files\\Mozilla Firefox\\firefox.exe" "--marionette" "--headless" "--no-sandbox" "--disable-dev-shm-usage" "--ignore-certificate-errors" "--disable-gpu" "--log-level=3" "--disable-notifications" "--disable-popup-blocking" "-no-remote" "-profile" "C:\\Users\\User1\\AppData\\Local\\Temp\\rust_mozprofileUin1JI"
*** You are running in headless mode.
1638305029679	Marionette	INFO	Marionette enabled
[GFX1-]: RenderCompositorSWGL failed mapping default framebuffer, no dt
console.warn: SearchSettings: "get: No settings file exists, new profile?" (new NotFoundError("Could not open the file at C:\\Users\\User1\\AppData\\Local\\Temp\\rust_mozprofileUin1JI\\search.json.mozlz4", (void 0)))
1638305031710	Marionette	INFO	Listening on port 64188
1638305031869	RemoteAgent	WARN	TLS certificate errors will be ignored for this session
1638305031874	RemoteAgent	INFO	Proxy settings initialised: {"proxyType":"manual","httpProxy":"127.0.0.1:64150","noProxy":[],"sslProxy":"127.0.0.1:64150"}
1638305057324	Marionette	INFO	Stopped listening on port 64188

###!!! [Child][RunMessage] Error: Channel closing: too late to send/recv, messages will be lost


###!!! [Parent][RunMessage] Error: Channel closing: too late to send/recv, messages will be lost

1638305105667	geckodriver	INFO	Listening on 127.0.0.1:59744
1638305108715	mozrunner::runner	INFO	Running command: "C:\\Program Files\\Mozilla Firefox\\firefox.exe" "--marionette" "--headless" "--no-sandbox" "--disable-dev-shm-usage" "--ignore-certificate-errors" "--disable-gpu" "--log-level=3" "--disable-notifications" "--disable-popup-blocking" "-no-remote" "-profile" "C:\\Users\\User1\\AppData\\Local\\Temp\\rust_mozprofileOmZKVY"
*** You are running in headless mode.
1638305109293	Marionette	INFO	Marionette enabled
[GFX1-]: RenderCompositorSWGL failed mapping default framebuffer, no dt
console.warn: SearchSettings: "get: No settings file exists, new profile?" (new NotFoundError("Could not open the file at C:\\Users\\User1\\AppData\\Local\\Temp\\rust_mozprofileOmZKVY\\search.json.mozlz4", (void 0)))
1638305111408	Marionette	INFO	Listening on port 59808
1638305111894	RemoteAgent	WARN	TLS certificate errors will be ignored for this session
1638305111899	RemoteAgent	INFO	Proxy settings initialised: {"proxyType":"manual","httpProxy":"127.0.0.1:59741","noProxy":[],"sslProxy":"127.0.0.1:59741"}
1638305135318	Marionette	INFO	Stopped listening on port 59808

###!!! [Child][MessageChannel] Error: (msgtype=0x390145,name=PContent::Msg_ScriptError) Channel closing: too late to send/recv, messages will be lost


###!!! [Child][RunMessage] Error: Channel closing: too late to send/recv, messages will be lost


###!!! [Child][RunMessage] Error: Channel closing: too late to send/recv, messages will be lost


###!!! [Parent][RunMessage] Error: Channel closing: too late to send/recv, messages will be lost

1638305137025	geckodriver	INFO	Listening on 127.0.0.1:60313
1638305140058	mozrunner::runner	INFO	Running command: "C:\\Program Files\\Mozilla Firefox\\firefox.exe" "--marionette" "--headless" "--no-sandbox" "--disable-dev-shm-usage" "--ignore-certificate-errors" "--disable-gpu" "--log-level=3" "--disable-notifications" "--disable-popup-blocking" "-no-remote" "-profile" "C:\\Users\\User1\\AppData\\Local\\Temp\\rust_mozprofilefMQuuC"
*** You are running in headless mode.
1638305140561	Marionette	INFO	Marionette enabled
[GFX1-]: RenderCompositorSWGL failed mapping default framebuffer, no dt
console.warn: SearchSettings: "get: No settings file exists, new profile?" (new NotFoundError("Could not open the file at C:\\Users\\User1\\AppData\\Local\\Temp\\rust_mozprofilefMQuuC\\search.json.mozlz4", (void 0)))
1638305142543	Marionette	INFO	Listening on port 60398
1638305142761	RemoteAgent	WARN	TLS certificate errors will be ignored for this session
1638305142766	RemoteAgent	INFO	Proxy settings initialised: {"proxyType":"manual","httpProxy":"127.0.0.1:60312","noProxy":[],"sslProxy":"127.0.0.1:60312"}
1638305172615	Marionette	INFO	Stopped listening on port 60398

###!!! [Child][RunMessage] Error: Channel closing: too late to send/recv, messages will be lost

1638305175922	geckodriver	INFO	Listening on 127.0.0.1:61062
1638305178942	mozrunner::runner	INFO	Running command: "C:\\Program Files\\Mozilla Firefox\\firefox.exe" "--marionette" "--headless" "--no-sandbox" "--disable-dev-shm-usage" "--ignore-certificate-errors" "--disable-gpu" "--log-level=3" "--disable-notifications" "--disable-popup-blocking" "-no-remote" "-profile" "C:\\Users\\User1\\AppData\\Local\\Temp\\rust_mozprofileAsrcFM"
*** You are running in headless mode.
1638305180199	Marionette	INFO	Marionette enabled
[GFX1-]: RenderCompositorSWGL failed mapping default framebuffer, no dt
console.warn: SearchSettings: "get: No settings file exists, new profile?" (new NotFoundError("Could not open the file at C:\\Users\\User1\\AppData\\Local\\Temp\\rust_mozprofileAsrcFM\\search.json.mozlz4", (void 0)))
1638305184117	Marionette	INFO	Listening on port 61107
1638305184741	RemoteAgent	WARN	TLS certificate errors will be ignored for this session
1638305184748	RemoteAgent	INFO	Proxy settings initialised: {"proxyType":"manual","httpProxy":"127.0.0.1:61061","noProxy":[],"sslProxy":"127.0.0.1:61061"}
1638305206443	Marionette	INFO	Stopped listening on port 61107

###!!! [Child][RunMessage] Error: Channel closing: too late to send/recv, messages will be lost

1638305215697	geckodriver	INFO	Listening on 127.0.0.1:62116
1638305218565	mozrunner::runner	INFO	Running command: "C:\\Program Files\\Mozilla Firefox\\firefox.exe" "--marionette" "--headless" "--no-sandbox" "--disable-dev-shm-usage" "--ignore-certificate-errors" "--disable-gpu" "--log-level=3" "--disable-notifications" "--disable-popup-blocking" "-no-remote" "-profile" "C:\\Users\\User1\\AppData\\Local\\Temp\\rust_mozprofilec15Ro6"
*** You are running in headless mode.
1638305219964	Marionette	INFO	Marionette enabled
[GFX1-]: RenderCompositorSWGL failed mapping default framebuffer, no dt
console.warn: SearchSettings: "get: No settings file exists, new profile?" (new NotFoundError("Could not open the file at C:\\Users\\User1\\AppData\\Local\\Temp\\rust_mozprofilec15Ro6\\search.json.mozlz4", (void 0)))
1638305223829	Marionette	INFO	Listening on port 62152
1638305224455	RemoteAgent	WARN	TLS certificate errors will be ignored for this session
1638305224463	RemoteAgent	INFO	Proxy settings initialised: {"proxyType":"manual","httpProxy":"127.0.0.1:62115","noProxy":[],"sslProxy":"127.0.0.1:62115"}
1638305253688	Marionette	INFO	Stopped listening on port 62152

###!!! [Parent][MessageChannel] Error: (msgtype=0x39007A,name=PContent::Msg_DestroyBrowsingContextGroup) Closed channel: cannot send/recv


###!!! [Parent][RunMessage] Error: Channel closing: too late to send/recv, messages will be lost

1638305255532	geckodriver	INFO	Listening on 127.0.0.1:58628
1638305258581	mozrunner::runner	INFO	Running command: "C:\\Program Files\\Mozilla Firefox\\firefox.exe" "--marionette" "--headless" "--no-sandbox" "--disable-dev-shm-usage" "--ignore-certificate-errors" "--disable-gpu" "--log-level=3" "--disable-notifications" "--disable-popup-blocking" "-no-remote" "-profile" "C:\\Users\\User1\\AppData\\Local\\Temp\\rust_mozprofileMI20ei"
*** You are running in headless mode.
1638305259012	Marionette	INFO	Marionette enabled
[GFX1-]: RenderCompositorSWGL failed mapping default framebuffer, no dt
console.warn: SearchSettings: "get: No settings file exists, new profile?" (new NotFoundError("Could not open the file at C:\\Users\\User1\\AppData\\Local\\Temp\\rust_mozprofileMI20ei\\search.json.mozlz4", (void 0)))
1638305260992	Marionette	INFO	Listening on port 58710
1638305261266	RemoteAgent	WARN	TLS certificate errors will be ignored for this session
1638305261271	RemoteAgent	INFO	Proxy settings initialised: {"proxyType":"manual","httpProxy":"127.0.0.1:58622","noProxy":[],"sslProxy":"127.0.0.1:58622"}
console.log: WebExtensions: reset-default-search: starting.
console.log: WebExtensions: reset-default-search: No addons in our list are installed.
\\firefox.exe" "--marionette" "--headless" "--no-sandbox" "--disable-dev-shm-usage" "--ignore-certificate-errors" "--disable-gpu" "--log-level=3" "--disable-notifications" "--disable-popup-blocking" "-no-remote" "-profile" "C:\\Users\\User1\\AppData\\Local\\Temp\\rust_mozprofilepPBOD1"
*** You are running in headless mode.
1638305288398	Marionette	INFO	Marionette enabled
[GFX1-]: RenderCompositorSWGL failed mapping default framebuffer, no dt
console.warn: SearchSettings: "get: No settings file exists, new profile?" (new NotFoundError("Could not open the file at C:\\Users\\User1\\AppData\\Local\\Temp\\rust_mozprofilepPBOD1\\search.json.mozlz4", (void 0)))
1638305290779	Marionette	INFO	Listening on port 59582
1638305291126	RemoteAgent	WARN	TLS certificate errors will be ignored for this session
1638305291131	RemoteAgent	INFO	Proxy settings initialised: {"proxyType":"manual","httpProxy":"127.0.0.1:59488","noProxy":[],"sslProxy":"127.0.0.1:59488"}
1638305321117	Marionette	INFO	Stopped listening on port 59582

###!!! [Parent][RunMessage] Error: Channel closing: too late to send/recv, messages will be lost

1638305323091	geckodriver	INFO	Listening on 127.0.0.1:54740
1638305326125	mozrunner::runner	INFO	Running command: "C:\\Program Files\\Mozilla Firefox\\firefox.exe" "--marionette" "--headless" "--no-sandbox" "--disable-dev-shm-usage" "--ignore-certificate-errors" "--disable-gpu" "--log-level=3" "--disable-notifications" "--disable-popup-blocking" "-no-remote" "-profile" "C:\\Users\\User1\\AppData\\Local\\Temp\\rust_mozprofileRCxapO"
*** You are running in headless mode.
1638305326644	Marionette	INFO	Marionette enabled
[GFX1-]: RenderCompositorSWGL failed mapping default framebuffer, no dt
console.warn: SearchSettings: "get: No settings file exists, new profile?" (new NotFoundError("Could not open the file at C:\\Users\\User1\\AppData\\Local\\Temp\\rust_mozprofileRCxapO\\search.json.mozlz4", (void 0)))
1638305328730	Marionette	INFO	Listening on port 54840
1638305328850	RemoteAgent	WARN	TLS certificate errors will be ignored for this session
1638305328858	RemoteAgent	INFO	Proxy settings initialised: {"proxyType":"manual","httpProxy":"127.0.0.1:54739","noProxy":[],"sslProxy":"127.0.0.1:54739"}
1638305355241	Marionette	INFO	Stopped listening on port 54840

###!!! [Child][RunMessage] Error: Channel closing: too late to send/recv, messages will be lost


###!!! [Parent][RunMessage] Error: Channel closing: too late to send/recv, messages will be lost

1638305357260	geckodriver	INFO	Listening on 127.0.0.1:55738
1638305360311	mozrunner::runner	INFO	Running command: "C:\\Program Files\\Mozilla Firefox\\firefox.exe" "--marionette" "--headless" "--no-sandbox" "--disable-dev-shm-usage" "--ignore-certificate-errors" "--disable-gpu" "--log-level=3" "--disable-notifications" "--disable-popup-blocking" "-no-remote" "-profile" "C:\\Users\\User1\\AppData\\Local\\Temp\\rust_mozprofileAVPhRq"
*** You are running in headless mode.
1638305360835	Marionette	INFO	Marionette enabled
[GFX1-]: RenderCompositorSWGL failed mapping default framebuffer, no dt
console.warn: SearchSettings: "get: No settings file exists, new profile?" (new NotFoundError("Could not open the file at C:\\Users\\User1\\AppData\\Local\\Temp\\rust_mozprofileAVPhRq\\search.json.mozlz4", (void 0)))
1638305362738	Marionette	INFO	Listening on port 58753
1638305363012	RemoteAgent	WARN	TLS certificate errors will be ignored for this session
1638305363018	RemoteAgent	INFO	Proxy settings initialised: {"proxyType":"manual","httpProxy":"127.0.0.1:55737","noProxy":[],"sslProxy":"127.0.0.1:55737"}
1638305381726	Marionette	INFO	Stopped listening on port 58753

###!!! [Child][RunMessage] Error: Channel closing: too late to send/recv, messages will be lost


###!!! [Child][RunMessage] Error: Channel closing: too late to send/recv, messages will be lost


###!!! [Parent][MessageChannel] Error: (msgtype=0x39007A,name=PContent::Msg_DestroyBrowsingContextGroup) Closed channel: cannot send/recv

1638305383607	geckodriver	INFO	Listening on 127.0.0.1:60239
1638305386650	mozrunner::runner	INFO	Running command: "C:\\Program Files\\Mozilla Firefox\\firefox.exe" "--marionette" "--headless" "--no-sandbox" "--disable-dev-shm-usage" "--ignore-certificate-errors" "--disable-gpu" "--log-level=3" "--disable-notifications" "--disable-popup-blocking" "-no-remote" "-profile" "C:\\Users\\User1\\AppData\\Local\\Temp\\rust_mozprofileYj1bbE"
*** You are running in headless mode.
1638305387117	Marionette	INFO	Marionette enabled
[GFX1-]: RenderCompositorSWGL failed mapping default framebuffer, no dt
console.warn: SearchSettings: "get: No settings file exists, new profile?" (new NotFoundError("Could not open the file at C:\\Users\\User1\\AppData\\Local\\Temp\\rust_mozprofileYj1bbE\\search.json.mozlz4", (void 0)))
1638305390038	Marionette	INFO	Listening on port 51678
1638305390372	RemoteAgent	WARN	TLS certificate errors will be ignored for this session
1638305390378	RemoteAgent	INFO	Proxy settings initialised: {"proxyType":"manual","httpProxy":"127.0.0.1:60236","noProxy":[],"sslProxy":"127.0.0.1:60236"}
1638305421299	Marionette	INFO	Stopped listening on port 51678
1638305423517	geckodriver	INFO	Listening on 127.0.0.1:61408
1638305426557	mozrunner::runner	INFO	Running command: "C:\\Program Files\\Mozilla Firefox\\firefox.exe" "--marionette" "--headless" "--no-sandbox" "--disable-dev-shm-usage" "--ignore-certificate-errors" "--disable-gpu" "--log-level=3" "--disable-notifications" "--disable-popup-blocking" "-no-remote" "-profile" "C:\\Users\\User1\\AppData\\Local\\Temp\\rust_mozprofileIyBWQH"
*** You are running in headless mode.
1638305427136	Marionette	INFO	Marionette enabled
[GFX1-]: RenderCompositorSWGL failed mapping default framebuffer, no dt
console.warn: SearchSettings: "get: No settings file exists, new profile?" (new NotFoundError("Could not open the file at C:\\Users\\User1\\AppData\\Local\\Temp\\rust_mozprofileIyBWQH\\search.json.mozlz4", (void 0)))
1638305429540	Marionette	INFO	Listening on port 61469
1638305429718	RemoteAgent	WARN	TLS certificate errors will be ignored for this session
1638305429724	RemoteAgent	INFO	Proxy settings initialised: {"proxyType":"manual","httpProxy":"127.0.0.1:61407","noProxy":[],"sslProxy":"127.0.0.1:61407"}
1638305455194	Marionette	INFO	Stopped listening on port 61469

###!!! [Parent][MessageChannel] Error: (msgtype=0x39007A,name=PContent::Msg_DestroyBrowsingContextGroup) Closed channel: cannot send/recv

1638305457124	geckodriver	INFO	Listening on 127.0.0.1:62380
1638305460152	mozrunner::runner	INFO	Running command: "C:\\Program Files\\Mozilla Firefox\\firefox.exe" "--marionette" "--headless" "--no-sandbox" "--disable-dev-shm-usage" "--ignore-certificate-errors" "--disable-gpu" "--log-level=3" "--disable-notifications" "--disable-popup-blocking" "-no-remote" "-profile" "C:\\Users\\User1\\AppData\\Local\\Temp\\rust_mozprofileYWGPlx"
*** You are running in headless mode.
1638305461941	Marionette	INFO	Marionette enabled
[GFX1-]: RenderCompositorSWGL failed mapping default framebuffer, no dt
console.warn: SearchSettings: "get: No settings file exists, new profile?" (new NotFoundError("Could not open the file at C:\\Users\\User1\\AppData\\Local\\Temp\\rust_mozprofileYWGPlx\\search.json.mozlz4", (void 0)))
1638305463899	Marionette	INFO	Listening on port 62434
1638305464383	RemoteAgent	WARN	TLS certificate errors will be ignored for this session
1638305464388	RemoteAgent	INFO	Proxy settings initialised: {"proxyType":"manual","httpProxy":"127.0.0.1:62379","noProxy":[],"sslProxy":"127.0.0.1:62379"}
1638305492542	Marionette	INFO	Stopped listening on port 62434

###!!! [Parent][RunMessage] Error: Channel closing: too late to send/recv, messages will be lost

1638305494770	geckodriver	INFO	Listening on 127.0.0.1:63348
1638305497799	mozrunner::runner	INFO	Running command: "C:\\Program Files\\Mozilla Firefox\\firefox.exe" "--marionette" "--headless" "--no-sandbox" "--disable-dev-shm-usage" "--ignore-certificate-errors" "--disable-gpu" "--log-level=3" "--disable-notifications" "--disable-popup-blocking" "-no-remote" "-profile" "C:\\Users\\User1\\AppData\\Local\\Temp\\rust_mozprofileSco15P"
*** You are running in headless mode.
1638305498311	Marionette	INFO	Marionette enabled
[GFX1-]: RenderCompositorSWGL failed mapping default framebuffer, no dt
console.warn: SearchSettings: "get: No settings file exists, new profile?" (new NotFoundError("Could not open the file at C:\\Users\\User1\\AppData\\Local\\Temp\\rust_mozprofileSco15P\\search.json.mozlz4", (void 0)))
1638305500457	Marionette	INFO	Listening on port 63436
1638305500536	RemoteAgent	WARN	TLS certificate errors will be ignored for this session
1638305500546	RemoteAgent	INFO	Proxy settings initialised: {"proxyType":"manual","httpProxy":"127.0.0.1:63340","noProxy":[],"sslProxy":"127.0.0.1:63340"}
1638305521949	Marionette	INFO	Stopped listening on port 63436

###!!! [Child][RunMessage] Error: Channel closing: too late to send/recv, messages will be lost


###!!! [Parent][RunMessage] Error: Channel closing: too late to send/recv, messages will be lost

1638305523570	geckodriver	INFO	Listening on 127.0.0.1:56146
1638305526587	mozrunner::runner	INFO	Running command: "C:\\Program Files\\Mozilla Firefox\\firefox.exe" "--marionette" "--headless" "--no-sandbox" "--disable-dev-shm-usage" "--ignore-certificate-errors" "--disable-gpu" "--log-level=3" "--disable-notifications" "--disable-popup-blocking" "-no-remote" "-profile" "C:\\Users\\User1\\AppData\\Local\\Temp\\rust_mozprofileeJLETz"
*** You are running in headless mode.
1638305527025	Marionette	INFO	Marionette enabled
[GFX1-]: RenderCompositorSWGL failed mapping default framebuffer, no dt
console.warn: SearchSettings: "get: No settings file exists, new profile?" (new NotFoundError("Could not open the file at C:\\Users\\User1\\AppData\\Local\\Temp\\rust_mozprofileeJLETz\\search.json.mozlz4", (void 0)))
1638305528992	Marionette	INFO	Listening on port 56237
1638305529282	RemoteAgent	WARN	TLS certificate errors will be ignored for this session
1638305529288	RemoteAgent	INFO	Proxy settings initialised: {"proxyType":"manual","httpProxy":"127.0.0.1:56145","noProxy":[],"sslProxy":"127.0.0.1:56145"}
1638305556512	Marionette	INFO	Stopped listening on port 56237

###!!! [Parent][RunMessage] Error: Channel closing: too late to send/recv, messages will be lost

1638305558171	geckodriver	INFO	Listening on 127.0.0.1:57049
1638305561220	mozrunner::runner	INFO	Running command: "C:\\Program Files\\Mozilla Firefox\\firefox.exe" "--marionette" "--headless" "--no-sandbox" "--disable-dev-shm-usage" "--ignore-certificate-errors" "--disable-gpu" "--log-level=3" "--disable-notifications" "--disable-popup-blocking" "-no-remote" "-profile" "C:\\Users\\User1\\AppData\\Local\\Temp\\rust_mozprofileN11Uee"
*** You are running in headless mode.
1638305561663	Marionette	INFO	Marionette enabled
[GFX1-]: RenderCompositorSWGL failed mapping default framebuffer, no dt
console.warn: SearchSettings: "get: No settings file exists, new profile?" (new NotFoundError("Could not open the file at C:\\Users\\User1\\AppData\\Local\\Temp\\rust_mozprofileN11Uee\\search.json.mozlz4", (void 0)))
1638305563613	Marionette	INFO	Listening on port 57116
1638305563887	RemoteAgent	WARN	TLS certificate errors will be ignored for this session
1638305563892	RemoteAgent	INFO	Proxy settings initialised: {"proxyType":"manual","httpProxy":"127.0.0.1:57048","noProxy":[],"sslProxy":"127.0.0.1:57048"}
1638305588635	Marionette	INFO	Stopped listening on port 57116

###!!! [Parent][MessageChannel] Error: (msgtype=0x39007A,name=PContent::Msg_DestroyBrowsingContextGroup) Closed channel: cannot send/recv

1638305590579	geckodriver	INFO	Listening on 127.0.0.1:57889
1638305593627	mozrunner::runner	INFO	Running command: "C:\\Program Files\\Mozilla Firefox\\firefox.exe" "--marionette" "--headless" "--no-sandbox" "--disable-dev-shm-usage" "--ignore-certificate-errors" "--disable-gpu" "--log-level=3" "--disable-notifications" "--disable-popup-blocking" "-no-remote" "-profile" "C:\\Users\\User1\\AppData\\Local\\Temp\\rust_mozprofilesAvzXm"
*** You are running in headless mode.
1638305594078	Marionette	INFO	Marionette enabled
[GFX1-]: RenderCompositorSWGL failed mapping default framebuffer, no dt
console.warn: SearchSettings: "get: No settings file exists, new profile?" (new NotFoundError("Could not open the file at C:\\Users\\User1\\AppData\\Local\\Temp\\rust_mozprofilesAvzXm\\search.json.mozlz4", (void 0)))
1638305596137	Marionette	INFO	Listening on port 57981
1638305596302	RemoteAgent	WARN	TLS certificate errors will be ignored for this session
1638305596307	RemoteAgent	INFO	Proxy settings initialised: {"proxyType":"manual","httpProxy":"127.0.0.1:57888","noProxy":[],"sslProxy":"127.0.0.1:57888"}
[Child 16008, MediaDecoderStateMachine #1] WARNING: 2022690d820 Could not set cubeb stream name.: file /builds/worker/checkouts/gecko/dom/media/AudioStream.cpp:367
1638305622943	Marionette	INFO	Stopped listening on port 57981

###!!! [Parent][RunMessage] Error: Channel closing: too late to send/recv, messages will be lost

1638305624690	geckodriver	INFO	Listening on 127.0.0.1:58771
1638305627749	mozrunner::runner	INFO	Running command: "C:\\Program Files\\Mozilla Firefox\\firefox.exe" "--marionette" "--headless" "--no-sandbox" "--disable-dev-shm-usage" "--ignore-certificate-errors" "--disable-gpu" "--log-level=3" "--disable-notifications" "--disable-popup-blocking" "-no-remote" "-profile" "C:\\Users\\User1\\AppData\\Local\\Temp\\rust_mozprofilei3g0nU"
*** You are running in headless mode.
1638305628240	Marionette	INFO	Marionette enabled
[GFX1-]: RenderCompositorSWGL failed mapping default framebuffer, no dt
console.warn: SearchSettings: "get: No settings file exists, new profile?" (new NotFoundError("Could not open the file at C:\\Users\\User1\\AppData\\Local\\Temp\\rust_mozprofilei3g0nU\\search.json.mozlz4", (void 0)))
1638305630083	Marionette	INFO	Listening on port 58819
1638305630425	RemoteAgent	WARN	TLS certificate errors will be ignored for this session
1638305630431	RemoteAgent	INFO	Proxy settings initialised: {"proxyType":"manual","httpProxy":"127.0.0.1:58770","noProxy":[],"sslProxy":"127.0.0.1:58770"}
1638305654984	Marionette	INFO	Stopped listening on port 58819
1638305656787	geckodriver	INFO	Listening on 127.0.0.1:59478
1638305659839	mozrunner::runner	INFO	Running command: "C:\\Program Files\\Mozilla Firefox\\firefox.exe" "--marionette" "--headless" "--no-sandbox" "--disable-dev-shm-usage" "--ignore-certificate-errors" "--disable-gpu" "--log-level=3" "--disable-notifications" "--disable-popup-blocking" "-no-remote" "-profile" "C:\\Users\\User1\\AppData\\Local\\Temp\\rust_mozprofileaLupLu"
*** You are running in headless mode.
1638305660277	Marionette	INFO	Marionette enabled
[GFX1-]: RenderCompositorSWGL failed mapping default framebuffer, no dt
console.warn: SearchSettings: "get: No settings file exists, new profile?" (new NotFoundError("Could not open the file at C:\\Users\\User1\\AppData\\Local\\Temp\\rust_mozprofileaLupLu\\search.json.mozlz4", (void 0)))
1638305662214	Marionette	INFO	Listening on port 59537
1638305662505	RemoteAgent	WARN	TLS certificate errors will be ignored for this session
1638305662510	RemoteAgent	INFO	Proxy settings initialised: {"proxyType":"manual","httpProxy":"127.0.0.1:59476","noProxy":[],"sslProxy":"127.0.0.1:59476"}
1638305662797	Marionette	INFO	Stopped listening on port 59537

###!!! [Parent][MessageChannel] Error: (msgtype=0x39007A,name=PContent::Msg_DestroyBrowsingContextGroup) Closed channel: cannot send/recv

1638305850878	geckodriver	INFO	Listening on 127.0.0.1:63588
1638305853926	mozrunner::runner	INFO	Running command: "C:\\Program Files\\Mozilla Firefox\\firefox.exe" "--marionette" "--headless" "--no-sandbox" "--disable-dev-shm-usage" "--ignore-certificate-errors" "--disable-gpu" "--log-level=3" "--disable-notifications" "--disable-popup-blocking" "-no-remote" "-profile" "C:\\Users\\User1\\AppData\\Local\\Temp\\rust_mozprofilejEL8oW"
*** You are running in headless mode.
1638305854417	Marionette	INFO	Marionette enabled
[GFX1-]: RenderCompositorSWGL failed mapping default framebuffer, no dt
console.warn: SearchSettings: "get: No settings file exists, new profile?" (new NotFoundError("Could not open the file at C:\\Users\\User1\\AppData\\Local\\Temp\\rust_mozprofilejEL8oW\\search.json.mozlz4", (void 0)))
1638305856482	Marionette	INFO	Listening on port 63669
1638305856595	RemoteAgent	WARN	TLS certificate errors will be ignored for this session
1638305856602	RemoteAgent	INFO	Proxy settings initialised: {"proxyType":"manual","httpProxy":"127.0.0.1:63587","noProxy":[],"sslProxy":"127.0.0.1:63587"}
1638305856912	Marionette	INFO	Stopped listening on port 63669
